[main] DEBUG Hooks.class  - Opening driver
[main] INFO  Hooks.class  - Driver opened
[main] DEBUG Hooks.class  - Opening URL
[main] INFO  Test1  - Website opened and FAQ closed
[main] DEBUG Homepage.java  - Search icon clicked
[main] DEBUG Homepage.java  - Entered item car in search box
[main] DEBUG Homepage.java  - Search button clicked
[main] DEBUG Searchcarpage.java  - Product name :
 Liability Only - Two Wheeler & Private Car
[main] INFO  Hooks.class  - Driver closed
[main] DEBUG Hooks.class  - Opening driver
[main] INFO  Hooks.class  - Driver opened
[main] DEBUG Hooks.class  - Opening URL
[main] INFO  Test1  - Website opened and FAQ closed
[main] DEBUG Servicesection.java  - caseless Garage clicked
[main] DEBUG Servicesection.java  - Garage Details found in header
[main] INFO  Hooks.class  - Driver closed
[main] DEBUG Hooks.class  - Opening driver
[main] INFO  Hooks.class  - Driver opened
[main] DEBUG Hooks.class  - Opening URL
[main] INFO  Test1  - Website opened and FAQ closed
[main] DEBUG corporatemission.java  - Mouse Hover to About Us
[main] DEBUG corporatemission.java  - Corporate Mission clicked
[main] DEBUG corporatemission.java  - Corporate Mission
[main] INFO  Hooks.class  - Driver closed
[main] DEBUG Hooks.class  - Opening driver
[main] INFO  Hooks.class  - Driver opened
[main] DEBUG Hooks.class  - Opening URL
[main] INFO  Test1  - Website opened and FAQ closed
[main] DEBUG Homepage.java  - Search icon clicked
[main] DEBUG Homepage.java  - Entered item car in search box
[main] DEBUG Homepage.java  - Search button clicked
[main] DEBUG Searchcarpage.java  - Product name :
 Liability Only - Two Wheeler & Private Car
[main] INFO  Hooks.class  - Driver closed
[main] DEBUG Hooks.class  - Opening driver
[main] INFO  Hooks.class  - Driver opened
[main] DEBUG Hooks.class  - Opening URL
[main] INFO  Test1  - Website opened and FAQ closed
[main] DEBUG Servicesection.java  - caseless Garage clicked
[main] DEBUG Servicesection.java  - Garage Details found in header
[main] INFO  Hooks.class  - Driver closed
[main] DEBUG Hooks.class  - Opening driver
[main] INFO  Hooks.class  - Driver opened
[main] DEBUG Hooks.class  - Opening URL
[main] INFO  Test1  - Website opened and FAQ closed
[main] DEBUG corporatemission.java  - Mouse Hover to About Us
[main] DEBUG corporatemission.java  - Corporate Mission clicked
[main] DEBUG corporatemission.java  - Corporate Mission
[main] INFO  Hooks.class  - Driver closed
[main] DEBUG Hooks.class  - Opening driver
[main] INFO  Hooks.class  - Driver opened
[main] DEBUG Hooks.class  - Opening URL
[main] INFO  Test1  - Website opened and FAQ closed
[main] DEBUG Homepage.java  - Search icon clicked
[main] DEBUG Homepage.java  - Entered item car in search box
[main] DEBUG Homepage.java  - Search button clicked
[main] DEBUG Searchcarpage.java  - Product name :
 Liability Only - Two Wheeler & Private Car
[main] INFO  Hooks.class  - Driver closed
[main] DEBUG Hooks.class  - Opening driver
[main] INFO  Hooks.class  - Driver opened
[main] DEBUG Hooks.class  - Opening URL
[main] INFO  Test1  - Website opened and FAQ closed
[main] DEBUG Servicesection.java  - caseless Garage clicked
[main] DEBUG Servicesection.java  - Garage Details found in header
[main] INFO  Hooks.class  - Driver closed
[main] DEBUG Hooks.class  - Opening driver
[main] INFO  Hooks.class  - Driver opened
[main] DEBUG Hooks.class  - Opening URL
[main] INFO  Test1  - Website opened and FAQ closed
[main] DEBUG corporatemission.java  - Mouse Hover to About Us
[main] DEBUG corporatemission.java  - Corporate Mission clicked
[main] DEBUG corporatemission.java  - Corporate Mission
[main] INFO  Hooks.class  - Driver closed
[main] DEBUG Hooks.class  - Opening driver
[main] INFO  Hooks.class  - Driver closed
[main] DEBUG Hooks.class  - Opening driver
[main] INFO  Hooks.class  - Driver closed
[main] DEBUG Hooks.class  - Opening driver
[main] INFO  Hooks.class  - Driver closed
[main] DEBUG Hooks.class  - Opening driver
[main] INFO  Hooks.class  - Driver opened
[main] DEBUG Hooks.class  - Opening URL
[main] INFO  Test1  - Website opened and FAQ closed
[main] DEBUG Homepage.java  - Search icon clicked
[main] DEBUG Homepage.java  - Entered item car in search box
[main] DEBUG Homepage.java  - Search button clicked
[main] DEBUG Searchcarpage.java  - Product name :
 Liability Only - Two Wheeler & Private Car
[main] INFO  Hooks.class  - Driver closed
[main] DEBUG Hooks.class  - Opening driver
[main] INFO  Hooks.class  - Driver opened
[main] DEBUG Hooks.class  - Opening URL
[main] INFO  Test1  - Website opened and FAQ closed
[main] DEBUG Servicesection.java  - caseless Garage clicked
[main] DEBUG Servicesection.java  - Garage Details found in header
[main] INFO  Hooks.class  - Driver closed
[main] DEBUG Hooks.class  - Opening driver
[main] INFO  Hooks.class  - Driver opened
[main] DEBUG Hooks.class  - Opening URL
[main] INFO  Test1  - Website opened and FAQ closed
[main] DEBUG corporatemission.java  - Mouse Hover to About Us
[main] DEBUG corporatemission.java  - Corporate Mission clicked
[main] DEBUG corporatemission.java  - Corporate Mission
[main] INFO  Hooks.class  - Driver closed
[main] DEBUG Hooks.class  - Opening driver
[main] INFO  Hooks.class  - Driver opened
[main] DEBUG Hooks.class  - Opening URL
[main] INFO  Test1  - Website opened and FAQ closed
[main] DEBUG Homepage.java  - Search icon clicked
[main] DEBUG Homepage.java  - Entered item car in search box
[main] DEBUG Homepage.java  - Search button clicked
[main] DEBUG Searchcarpage.java  - Product name :
 Liability Only - Two Wheeler & Private Car
[main] INFO  Hooks.class  - Driver closed
[main] DEBUG Hooks.class  - Opening driver
[main] INFO  Hooks.class  - Driver opened
[main] DEBUG Hooks.class  - Opening URL
[main] INFO  Test1  - Website opened and FAQ closed
[main] DEBUG Servicesection.java  - caseless Garage clicked
[main] DEBUG Servicesection.java  - Garage Details found in header
[main] INFO  Hooks.class  - Driver closed
[main] DEBUG Hooks.class  - Opening driver
[main] INFO  Hooks.class  - Driver opened
[main] DEBUG Hooks.class  - Opening URL
[main] INFO  Test1  - Website opened and FAQ closed
[main] DEBUG corporatemission.java  - Mouse Hover to About Us
[main] DEBUG corporatemission.java  - Corporate Mission clicked
[main] DEBUG corporatemission.java  - Corporate Mission
[main] INFO  Hooks.class  - Driver closed
